<?xml version="1.0" encoding="UTF-8"?>
<!-- Generated by org.testng.reporters.JUnitXMLReporter -->
<testsuite ignored="0" hostname="LAPTOP-TRU5U6IG" failures="1" tests="9" name="Testing on Edge" time="43.942" errors="0" timestamp="2024-06-26T20:01:04 IST">
  <testcase classname="basic.MavenProject.amazonScenario10Tc.testCase1" name="test1" time="4.266"/>
  <testcase classname="basic.MavenProject.amazonScenario10Tc.searchMobileTc2" name="test2" time="3.533"/>
  <testcase classname="basic.MavenProject.amazonScenario10Tc.searchMouseTc3" name="test3" time="8.726"/>
  <testcase classname="basic.MavenProject.amazonScenario10Tc.searchMobileCoverTc4" name="test4" time="9.25"/>
  <testcase classname="basic.MavenProject.amazonScenario10Tc.searchCameraTc5" name="test5" time="12.049"/>
  <testcase classname="basic.MavenProject.amazonScenario10Tc.amazonFreshTc7" name="test7" time="7.773"/>
  <testcase classname="basic.MavenProject.amazonScenario10Tc.serachnGobackTc10" name="test10" time="5.609"/>
  <testcase classname="basic.MavenProject.amazonScenario10Tc.todaysDeal9" name="test9" time="9.966"/>
  <testcase classname="basic.MavenProject.amazonScenario10Tc.electronicsMajorTabTc6" name="test6" time="18.752">
    <failure type="org.openqa.selenium.ElementNotInteractableException" message="element not interactable: element has zero size
  (Session info: MicrosoftEdge=126.0.2592.68)
Build info: version: &amp;apos;4.21.0&amp;apos;, revision: &amp;apos;79ed462ef4&amp;apos;
System info: os.name: &amp;apos;Windows 11&amp;apos;, os.arch: &amp;apos;amd64&amp;apos;, os.version: &amp;apos;10.0&amp;apos;, java.version: &amp;apos;17.0.10&amp;apos;
Driver info: org.openqa.selenium.edge.EdgeDriver
Command: [48e9bbaa3e9c2d41bcf9e565276c1732, clickElement {id=f.30D99CE895BB7C5010A078EDB66B1F3D.d.81C6FDB6C3FD8334B61BAE757A46B0D5.e.218}]
Capabilities {acceptInsecureCerts: false, browserName: MicrosoftEdge, browserVersion: 126.0.2592.68, fedcm:accounts: true, ms:edgeOptions: {debuggerAddress: localhost:63639}, msedge: {msedgedriverVersion: 126.0.2592.68 (30e1b6cc72a8..., userDataDir: C:\Users\Shruti\AppData\Loc...}, networkConnectionEnabled: false, pageLoadStrategy: normal, platformName: windows, proxy: Proxy(), se:cdp: ws://localhost:63639/devtoo..., se:cdpVersion: 126.0.2592.68, setWindowRect: true, strictFileInteractability: false, timeouts: {implicit: 0, pageLoad: 300000, script: 30000}, unhandledPromptBehavior: dismiss and notify, webauthn:extension:credBlob: true, webauthn:extension:largeBlob: true, webauthn:extension:minPinLength: true, webauthn:extension:prf: true, webauthn:virtualAuthenticators: true}
Element: [[EdgeDriver: MicrosoftEdge on windows (48e9bbaa3e9c2d41bcf9e565276c1732)] -&amp;gt; xpath: (//span[text()=&amp;apos;Redmi&amp;apos;])[1]]
Session ID: 48e9bbaa3e9c2d41bcf9e565276c1732">
      <![CDATA[org.openqa.selenium.ElementNotInteractableException: element not interactable: element has zero size
  (Session info: MicrosoftEdge=126.0.2592.68)
Build info: version: '4.21.0', revision: '79ed462ef4'
System info: os.name: 'Windows 11', os.arch: 'amd64', os.version: '10.0', java.version: '17.0.10'
Driver info: org.openqa.selenium.edge.EdgeDriver
Command: [48e9bbaa3e9c2d41bcf9e565276c1732, clickElement {id=f.30D99CE895BB7C5010A078EDB66B1F3D.d.81C6FDB6C3FD8334B61BAE757A46B0D5.e.218}]
Capabilities {acceptInsecureCerts: false, browserName: MicrosoftEdge, browserVersion: 126.0.2592.68, fedcm:accounts: true, ms:edgeOptions: {debuggerAddress: localhost:63639}, msedge: {msedgedriverVersion: 126.0.2592.68 (30e1b6cc72a8..., userDataDir: C:\Users\Shruti\AppData\Loc...}, networkConnectionEnabled: false, pageLoadStrategy: normal, platformName: windows, proxy: Proxy(), se:cdp: ws://localhost:63639/devtoo..., se:cdpVersion: 126.0.2592.68, setWindowRect: true, strictFileInteractability: false, timeouts: {implicit: 0, pageLoad: 300000, script: 30000}, unhandledPromptBehavior: dismiss and notify, webauthn:extension:credBlob: true, webauthn:extension:largeBlob: true, webauthn:extension:minPinLength: true, webauthn:extension:prf: true, webauthn:virtualAuthenticators: true}
Element: [[EdgeDriver: MicrosoftEdge on windows (48e9bbaa3e9c2d41bcf9e565276c1732)] -> xpath: (//span[text()='Redmi'])[1]]
Session ID: 48e9bbaa3e9c2d41bcf9e565276c1732
at org.openqa.selenium.remote.ErrorCodec.decode(ErrorCodec.java:167)
at org.openqa.selenium.remote.codec.w3c.W3CHttpResponseCodec.decode(W3CHttpResponseCodec.java:138)
at org.openqa.selenium.remote.codec.w3c.W3CHttpResponseCodec.decode(W3CHttpResponseCodec.java:50)
at org.openqa.selenium.remote.HttpCommandExecutor.execute(HttpCommandExecutor.java:190)
at org.openqa.selenium.remote.service.DriverCommandExecutor.invokeExecute(DriverCommandExecutor.java:216)
at org.openqa.selenium.remote.service.DriverCommandExecutor.execute(DriverCommandExecutor.java:174)
at org.openqa.selenium.remote.RemoteWebDriver.execute(RemoteWebDriver.java:518)
at org.openqa.selenium.remote.RemoteWebElement.execute(RemoteWebElement.java:223)
at org.openqa.selenium.remote.RemoteWebElement.click(RemoteWebElement.java:76)
at basic.MavenProject.amazonScenario10Tc.electronicsMajorTabTc6.test6(electronicsMajorTabTc6.java:27)
at java.base/java.util.concurrent.ThreadPoolExecutor.runWorker(ThreadPoolExecutor.java:1136)
at java.base/java.util.concurrent.ThreadPoolExecutor$Worker.run(ThreadPoolExecutor.java:635)
at java.base/java.lang.Thread.run(Thread.java:840)
... Removed 17 stack frames]]>
    </failure>
  </testcase> <!-- test6 -->
</testsuite> <!-- Testing on Edge -->
