<?xml version="1.0" encoding="UTF-8"?>
<testng-results ignored="0" total="1" passed="1" failed="0" skipped="0">
  <reporter-output>
  </reporter-output>
  <suite started-at="2024-07-04T22:04:42 IST" name="Default suite" finished-at="2024-07-04T22:04:46 IST" duration-ms="3939">
    <groups>
    </groups>
    <test started-at="2024-07-04T22:04:42 IST" name="Default test" finished-at="2024-07-04T22:04:46 IST" duration-ms="3939">
      <class name="js.scrollingInSelnium">
        <test-method signature="scrollDemo()[pri:0, instance:js.scrollingInSelnium@625732]" started-at="2024-07-04T22:04:42 IST" name="scrollDemo" finished-at="2024-07-04T22:04:46 IST" duration-ms="3907" status="PASS">
          <reporter-output>
          </reporter-output>
        </test-method> <!-- scrollDemo -->
      </class> <!-- js.scrollingInSelnium -->
    </test> <!-- Default test -->
  </suite> <!-- Default suite -->
</testng-results>
