<?xml version="1.0" encoding="UTF-8"?>
<testng-results ignored="0" total="1" passed="1" failed="0" skipped="0">
  <reporter-output>
  </reporter-output>
  <suite started-at="2024-07-05T20:59:14 IST" name="Default suite" finished-at="2024-07-05T20:59:26 IST" duration-ms="11787">
    <groups>
    </groups>
    <test started-at="2024-07-05T20:59:14 IST" name="Default test" finished-at="2024-07-05T20:59:26 IST" duration-ms="11787">
      <class name="seleniumPrograms.TestngMavenProject.TestCase3">
        <test-method signature="addtoWishList()[pri:0, instance:seleniumPrograms.TestngMavenProject.TestCase3@2a54a73f]" started-at="2024-07-05T20:59:14 IST" name="addtoWishList" finished-at="2024-07-05T20:59:26 IST" duration-ms="11760" status="PASS">
          <reporter-output>
          </reporter-output>
        </test-method> <!-- addtoWishList -->
      </class> <!-- seleniumPrograms.TestngMavenProject.TestCase3 -->
    </test> <!-- Default test -->
  </suite> <!-- Default suite -->
</testng-results>
