<?xml version="1.0" encoding="UTF-8"?>
<testng-results ignored="0" total="1" passed="1" failed="0" skipped="0">
  <reporter-output>
  </reporter-output>
  <suite started-at="2024-06-30T22:32:37 IST" name="Default suite" finished-at="2024-06-30T22:32:40 IST" duration-ms="3258">
    <groups>
    </groups>
    <test started-at="2024-06-30T22:32:37 IST" name="Default test" finished-at="2024-06-30T22:32:40 IST" duration-ms="3258">
      <class name="skipTest.timeOutAnnottion">
        <test-method signature="login()[pri:0, instance:skipTest.timeOutAnnottion@32ee6fee]" started-at="2024-06-30T22:32:37 IST" name="login" finished-at="2024-06-30T22:32:40 IST" duration-ms="3214" status="PASS">
          <reporter-output>
          </reporter-output>
        </test-method> <!-- login -->
      </class> <!-- skipTest.timeOutAnnottion -->
    </test> <!-- Default test -->
  </suite> <!-- Default suite -->
</testng-results>
